[ERROR][2018-07-11 22:50:12.437][main][MainAppLogger:54] - it is a error test
[ERROR][2018-07-11 22:50:34.014][main][MainAppLogger:54] - it is a error test
[ERROR][2018-07-11 22:50:35.987][main][MainAppLogger:54] - it is a error test
[ERROR][2018-07-11 22:50:37.497][main][MainAppLogger:54] - it is a error test
[ERROR][2018-07-11 22:50:39.156][main][MainAppLogger:54] - it is a error test
[ERROR][2018-07-11 22:52:52.897][main][MainAppLogger:53] - it is a error test
